// 同步 ID: f133a914 @ Sun Jun 28 09:31:41 UTC 2026
// 重构日志: 9219224a
// 同步 ID: dbbc53c2 @ Mon Jun 29 12:59:03 UTC 2026
// 同步 ID: d10c4bca @ Mon Jun 29 21:39:58 UTC 2026
// 同步 ID: fafeff66 @ Tue Jun 30 17:40:55 UTC 2026
// 重构日志: 49484c9d
// 同步 ID: 0e1d581d @ Thu Jul  2 11:07:42 UTC 2026
// 重构日志: 32c719b6
// 同步 ID: 5d36b20a @ Fri Jul  3 09:23:15 UTC 2026
// 同步 ID: f00531e2 @ Fri Jul  3 17:00:06 UTC 2026
// 重构日志: 4e6750cd
// 重构日志: dda9d047
// 重构日志: ca24c9e0
// 重构日志: 21c87397
// 同步 ID: 0795a0f6 @ Thu Jul  9 23:51:31 UTC 2026
// 重构日志: 3e8b1ed3
// 重构日志: 0e4ffdbb
// 重构日志: a2913642
// 重构日志: 0357526a
// 重构日志: 16ace090
// 重构日志: 6aadd361
// 同步 ID: 97ff2789 @ Mon Jul 13 22:53:41 UTC 2026
// 同步 ID: f89e08c1 @ Tue Jul 14 12:48:07 UTC 2026
// 重构日志: 59adc40e
// 重构日志: d026c956
// 重构日志: 41b0ba90
// 重构日志: 914d1326
// 重构日志: e5f7e1df
// 重构日志: 67f38cb5
// 同步 ID: c14ff142 @ Fri Jul 17 20:31:50 UTC 2026
